<?xml version="1.0" encoding="UTF-8"?>
<testsuite xmlns:xsi="http://www.w3.org/2001/XMLSchema-instance" xsi:noNamespaceSchemaLocation="https://maven.apache.org/surefire/maven-surefire-plugin/xsd/surefire-test-report-3.0.xsd" version="3.0" name="br.com.datastream.kafka.connect.smt.RemoveBackslashTest" time="0.066" tests="3" errors="0" skipped="0" failures="0">
  <properties>
    <property name="java.specification.version" value="17"/>
    <property name="sun.jnu.encoding" value="UTF-8"/>
    <property name="java.class.path" value="/Users/ronaldolanhellas/hering/remove-backslash/target/test-classes:/Users/ronaldolanhellas/hering/remove-backslash/target/classes:/Users/ronaldolanhellas/.m2/repository/org/apache/kafka/connect-api/2.1.1/connect-api-2.1.1.jar:/Users/ronaldolanhellas/.m2/repository/org/apache/kafka/kafka-clients/2.1.1/kafka-clients-2.1.1.jar:/Users/ronaldolanhellas/.m2/repository/com/github/luben/zstd-jni/1.3.7-1/zstd-jni-1.3.7-1.jar:/Users/ronaldolanhellas/.m2/repository/org/lz4/lz4-java/1.5.0/lz4-java-1.5.0.jar:/Users/ronaldolanhellas/.m2/repository/org/xerial/snappy/snappy-java/1.1.7.2/snappy-java-1.1.7.2.jar:/Users/ronaldolanhellas/.m2/repository/org/slf4j/slf4j-api/1.7.25/slf4j-api-1.7.25.jar:/Users/ronaldolanhellas/.m2/repository/javax/ws/rs/javax.ws.rs-api/2.1.1/javax.ws.rs-api-2.1.1.jar:/Users/ronaldolanhellas/.m2/repository/org/apache/kafka/connect-transforms/2.1.1/connect-transforms-2.1.1.jar:/Users/ronaldolanhellas/.m2/repository/junit/junit/4.12/junit-4.12.jar:/Users/ronaldolanhellas/.m2/repository/org/hamcrest/hamcrest-core/1.3/hamcrest-core-1.3.jar:"/>
    <property name="java.vm.vendor" value="Homebrew"/>
    <property name="sun.arch.data.model" value="64"/>
    <property name="java.vendor.url" value="https://github.com/Homebrew/homebrew-core/issues"/>
    <property name="os.name" value="Mac OS X"/>
    <property name="java.vm.specification.version" value="17"/>
    <property name="sun.java.launcher" value="SUN_STANDARD"/>
    <property name="user.country" value="BR"/>
    <property name="sun.boot.library.path" value="/usr/local/Cellar/openjdk@17/17.0.8.1/libexec/openjdk.jdk/Contents/Home/lib"/>
    <property name="sun.java.command" value="/Users/ronaldolanhellas/hering/remove-backslash/target/surefire/surefirebooter-20231121063228477_3.jar /Users/ronaldolanhellas/hering/remove-backslash/target/surefire 2023-11-21T06-32-28_350-jvmRun1 surefire-20231121063228477_1tmp surefire_0-20231121063228477_2tmp"/>
    <property name="http.nonProxyHosts" value="local|*.local|169.254/16|*.169.254/16"/>
    <property name="jdk.debug" value="release"/>
    <property name="surefire.test.class.path" value="/Users/ronaldolanhellas/hering/remove-backslash/target/test-classes:/Users/ronaldolanhellas/hering/remove-backslash/target/classes:/Users/ronaldolanhellas/.m2/repository/org/apache/kafka/connect-api/2.1.1/connect-api-2.1.1.jar:/Users/ronaldolanhellas/.m2/repository/org/apache/kafka/kafka-clients/2.1.1/kafka-clients-2.1.1.jar:/Users/ronaldolanhellas/.m2/repository/com/github/luben/zstd-jni/1.3.7-1/zstd-jni-1.3.7-1.jar:/Users/ronaldolanhellas/.m2/repository/org/lz4/lz4-java/1.5.0/lz4-java-1.5.0.jar:/Users/ronaldolanhellas/.m2/repository/org/xerial/snappy/snappy-java/1.1.7.2/snappy-java-1.1.7.2.jar:/Users/ronaldolanhellas/.m2/repository/org/slf4j/slf4j-api/1.7.25/slf4j-api-1.7.25.jar:/Users/ronaldolanhellas/.m2/repository/javax/ws/rs/javax.ws.rs-api/2.1.1/javax.ws.rs-api-2.1.1.jar:/Users/ronaldolanhellas/.m2/repository/org/apache/kafka/connect-transforms/2.1.1/connect-transforms-2.1.1.jar:/Users/ronaldolanhellas/.m2/repository/junit/junit/4.12/junit-4.12.jar:/Users/ronaldolanhellas/.m2/repository/org/hamcrest/hamcrest-core/1.3/hamcrest-core-1.3.jar:"/>
    <property name="sun.cpu.endian" value="little"/>
    <property name="user.home" value="/Users/ronaldolanhellas"/>
    <property name="user.language" value="en"/>
    <property name="java.specification.vendor" value="Oracle Corporation"/>
    <property name="java.version.date" value="2023-08-24"/>
    <property name="java.home" value="/usr/local/Cellar/openjdk@17/17.0.8.1/libexec/openjdk.jdk/Contents/Home"/>
    <property name="file.separator" value="/"/>
    <property name="basedir" value="/Users/ronaldolanhellas/hering/remove-backslash"/>
    <property name="java.vm.compressedOopsMode" value="Zero based"/>
    <property name="line.separator" value="&#10;"/>
    <property name="java.vm.specification.vendor" value="Oracle Corporation"/>
    <property name="java.specification.name" value="Java Platform API Specification"/>
    <property name="surefire.real.class.path" value="/Users/ronaldolanhellas/hering/remove-backslash/target/surefire/surefirebooter-20231121063228477_3.jar"/>
    <property name="sun.management.compiler" value="HotSpot 64-Bit Tiered Compilers"/>
    <property name="ftp.nonProxyHosts" value="local|*.local|169.254/16|*.169.254/16"/>
    <property name="java.runtime.version" value="17.0.8.1+0"/>
    <property name="user.name" value="ronaldolanhellas"/>
    <property name="path.separator" value=":"/>
    <property name="os.version" value="13.5.2"/>
    <property name="java.runtime.name" value="OpenJDK Runtime Environment"/>
    <property name="file.encoding" value="UTF-8"/>
    <property name="java.vm.name" value="OpenJDK 64-Bit Server VM"/>
    <property name="java.vendor.version" value="Homebrew"/>
    <property name="localRepository" value="/Users/ronaldolanhellas/.m2/repository"/>
    <property name="java.vendor.url.bug" value="https://github.com/Homebrew/homebrew-core/issues"/>
    <property name="java.io.tmpdir" value="/var/folders/12/t90fkws11sn2kgk50_b_n2q40000gn/T/"/>
    <property name="idea.version" value="2023.2.3"/>
    <property name="java.version" value="17.0.8.1"/>
    <property name="user.dir" value="/Users/ronaldolanhellas/hering/remove-backslash"/>
    <property name="os.arch" value="x86_64"/>
    <property name="java.vm.specification.name" value="Java Virtual Machine Specification"/>
    <property name="native.encoding" value="UTF-8"/>
    <property name="java.library.path" value="/Users/ronaldolanhellas/Library/Java/Extensions:/Library/Java/Extensions:/Network/Library/Java/Extensions:/System/Library/Java/Extensions:/usr/lib/java:."/>
    <property name="java.vm.info" value="mixed mode, sharing"/>
    <property name="java.vendor" value="Homebrew"/>
    <property name="java.vm.version" value="17.0.8.1+0"/>
    <property name="sun.io.unicode.encoding" value="UnicodeBig"/>
    <property name="socksNonProxyHosts" value="local|*.local|169.254/16|*.169.254/16"/>
    <property name="java.class.version" value="61.0"/>
  </properties>
  <testcase name="schemalessRemoveBackslash" classname="br.com.datastream.kafka.connect.smt.RemoveBackslashTest" time="0.005"/>
  <testcase name="topLevelStructRequired" classname="br.com.datastream.kafka.connect.smt.RemoveBackslashTest" time="0.003"/>
  <testcase name="removeBackslashFromSchema" classname="br.com.datastream.kafka.connect.smt.RemoveBackslashTest" time="0.002"/>
</testsuite>